<?xml version="1.0" encoding="UTF-8"?>
<testsuite name="com.neil.trantools.domain.chat.BuildLocalAssistantResponseUseCaseTest" tests="1" skipped="0" failures="0" errors="0" timestamp="2026-04-01T07:38:47.182Z" hostname="neilwudeMBP.gw.gcableconfig.local" time="0.008">
  <properties/>
  <testcase name="combine wiki gem and history sources into one answer" classname="com.neil.trantools.domain.chat.BuildLocalAssistantResponseUseCaseTest" time="0.008"/>
  <system-out><![CDATA[]]></system-out>
  <system-err><![CDATA[]]></system-err>
</testsuite>
