<?xml version="1.0" encoding="UTF-8"?>
<testsuite name="com.neil.trantools.feature.translate.TranslateLanguageTest" tests="7" skipped="0" failures="0" errors="0" timestamp="2026-04-01T07:38:47.397Z" hostname="neilwudeMBP.gw.gcableconfig.local" time="0.011">
  <properties/>
  <testcase name="return null for blank input" classname="com.neil.trantools.feature.translate.TranslateLanguageTest" time="0.005"/>
  <testcase name="map stored code and legacy label" classname="com.neil.trantools.feature.translate.TranslateLanguageTest" time="0.0"/>
  <testcase name="detect chinese when cjk text without kana is present" classname="com.neil.trantools.feature.translate.TranslateLanguageTest" time="0.0"/>
  <testcase name="detect spanish from punctuation and accents" classname="com.neil.trantools.feature.translate.TranslateLanguageTest" time="0.005"/>
  <testcase name="detect english from latin text" classname="com.neil.trantools.feature.translate.TranslateLanguageTest" time="0.0"/>
  <testcase name="detect japanese when kana is present" classname="com.neil.trantools.feature.translate.TranslateLanguageTest" time="0.0"/>
  <testcase name="detect korean when hangul is present" classname="com.neil.trantools.feature.translate.TranslateLanguageTest" time="0.0"/>
  <system-out><![CDATA[]]></system-out>
  <system-err><![CDATA[]]></system-err>
</testsuite>
