<?xml version="1.0" encoding="UTF-8"?>
<testsuite name="com.neil.trantools.data.gems.GemsRepositorySearchTest" tests="1" skipped="0" failures="0" errors="0" timestamp="2026-04-01T07:38:47.831Z" hostname="neilwudeMBP.gw.gcableconfig.local" time="0.011">
  <properties/>
  <testcase name="search filters by category and sorts by distance" classname="com.neil.trantools.data.gems.GemsRepositorySearchTest" time="0.011"/>
  <system-out><![CDATA[]]></system-out>
  <system-err><![CDATA[]]></system-err>
</testsuite>
